<?xml version="1.0" encoding="UTF-8"?>
<!-- Generated by org.testng.reporters.JUnitXMLReporter -->
<testsuite ignored="1" hostname="LAPTOP-U8BF4RDO" failures="0" tests="10" name="Default test" time="63.769" errors="0" timestamp="2022-05-20T19:14:04 IST">
  <testcase classname="Hybrid.logincrm" name="loginApp" time="30.762"/>
  <testcase classname="Hybrid.logincrm" name="signupapp" time="6.304"/>
  <testcase classname="Hybrid.logincrm" name="searchupapp" time="2.679"/>
  <testcase classname="Hybrid.logincrm" name="Bedapp" time="7.521"/>
  <testcase classname="Hybrid.logincrm" name="Bedappcart" time="2.964"/>
  <testcase classname="Hybrid.logincrm" name="assertionaa" time="1.866"/>
  <testcase classname="Hybrid.logincrm" name="tvappcart" time="1.312"/>
  <testcase classname="Hybrid.logincrm" name="studyapp" time="1.882"/>
  <testcase classname="Hybrid.logincrm" name="aboutapp" time="0.406"/>
  <testcase classname="Hybrid.logincrm" name="infoapp" time="0.22"/>
  <testcase classname="Hybrid.Baseclass" name="@BeforeSuite setupsuite" time="0.0">
    <ignored/>
  </testcase> <!-- @BeforeSuite setupsuite -->
</testsuite> <!-- Default test -->
